<?xml version="1.0" encoding="UTF-8"?>
<!-- Generated by org.testng.reporters.JUnitXMLReporter -->
<testsuite hostname="Syeds-Air.attlocal.net" ignored="0" name="Firefox" tests="1" failures="0" timestamp="20 Apr 2022 17:21:50 GMT" time="0.059" errors="0">
  <testcase name="@BeforeSuite testDriver" time="0.0" classname="reUsables.TestBase">
    <failure type="org.testng.TestNGException" message="
Parameter &amp;apos;browser&amp;apos; is required by BeforeSuite on method testDriver but has not been marked @Optional or defined
in /Users/Mukit/Documents/workspace/oneNRB/parallel.xml">
      <![CDATA[org.testng.TestNGException: 
Parameter 'browser' is required by BeforeSuite on method testDriver but has not been marked @Optional or defined
in /Users/Mukit/Documents/workspace/oneNRB/parallel.xml
... Removed 16 stack frames]]>
    </failure>
  </testcase> <!-- @BeforeSuite testDriver -->
  <testcase name="@AfterTest closeBrowser" time="0.0" classname="reUsables.TestBase">
    <skipped/>
  </testcase> <!-- @AfterTest closeBrowser -->
  <testcase name="@AfterTest closeBrowser" time="0.0" classname="reUsables.TestBase">
    <skipped/>
  </testcase> <!-- @AfterTest closeBrowser -->
  <testcase name="test1" time="0.001" classname="oneNRB.LogInTest">
    <skipped/>
  </testcase> <!-- test1 -->
</testsuite> <!-- Firefox -->
